2022-12-07 11:01:06.474 [ main ] - [ INFO  ] [ cn.cxyfyf.base.BaseApplication : 55 ] - Starting BaseApplication using Java 17.0.5 on DESKTOP-4IF3IHH with PID 14724 (D:\software\project\cxyfyfProject\target\classes started by 86185 in D:\software\project\cxyfyfProject)
2022-12-07 11:01:06.478 [ main ] - [ INFO  ] [ cn.cxyfyf.base.BaseApplication : 640 ] - The following 1 profile is active: "test"
2022-12-07 11:01:06.493 [ background-preinit ] - [ INFO  ] [ org.hibernate.validator.internal.util.Version : 21 ] - HV000001: Hibernate Validator 6.0.7.Final
2022-12-07 11:01:06.970 [ main ] - [ INFO  ] [ o.s.boot.web.embedded.tomcat.TomcatWebServer : 108 ] - Tomcat initialized with port(s): 8090 (http)
2022-12-07 11:01:06.975 [ main ] - [ INFO  ] [ org.apache.coyote.http11.Http11NioProtocol : 173 ] - Initializing ProtocolHandler ["http-nio-8090"]
2022-12-07 11:01:06.976 [ main ] - [ INFO  ] [ org.apache.catalina.core.StandardService : 173 ] - Starting service [Tomcat]
2022-12-07 11:01:06.976 [ main ] - [ INFO  ] [ org.apache.catalina.core.StandardEngine : 173 ] - Starting Servlet engine: [Apache Tomcat/9.0.65]
2022-12-07 11:01:07.039 [ main ] - [ INFO  ] [ o.a.c.core.ContainerBase.[Tomcat].[localhost].[/] : 173 ] - Initializing Spring embedded WebApplicationContext
2022-12-07 11:01:07.040 [ main ] - [ INFO  ] [ o.s.b.w.s.c.ServletWebServerApplicationContext : 292 ] - Root WebApplicationContext: initialization completed in 541 ms
2022-12-07 11:01:07.304 [ main ] - [ INFO  ] [ com.github.dozermapper.core.DozerBeanMapperBuilder : 544 ] - Initializing Dozer. Version: 6.5.0, Thread Name: main
2022-12-07 11:01:07.304 [ main ] - [ INFO  ] [ com.github.dozermapper.core.util.RuntimeUtils : 53 ] - OSGi support is false
2022-12-07 11:01:07.306 [ main ] - [ INFO  ] [ c.g.d.c.c.r.LegacyPropertiesSettingsResolver : 60 ] - Trying to find Dozer configuration file: dozer.properties
2022-12-07 11:01:07.326 [ main ] - [ INFO  ] [ c.g.d.c.c.r.LegacyPropertiesSettingsResolver : 63 ] - Failed to find dozer.properties via com.github.dozermapper.core.config.resolvers.LegacyPropertiesSettingsResolver.
2022-12-07 11:01:07.328 [ main ] - [ WARN  ] [ com.github.dozermapper.core.el.ELExpressionFactory : 60 ] - javax.el is not supported; Failed to resolve ExpressionFactory, com.sun.el.ExpressionFactoryImpl
2022-12-07 11:01:07.405 [ main ] - [ WARN  ] [ o.s.b.w.s.c.AnnotationConfigServletWebServerApplicationContext : 591 ] - Exception encountered during context initialization - cancelling refresh attempt: org.springframework.beans.factory.BeanCreationException: Error creating bean with name 'authorizationServerSecurityFilterChain' defined in class path resource [cn/cxyfyf/base/framework/config/Oauth2Configuration.class]: Bean instantiation via factory method failed; nested exception is org.springframework.beans.BeanInstantiationException: Failed to instantiate [org.springframework.security.web.SecurityFilterChain]: Factory method 'authorizationServerSecurityFilterChain' threw exception; nested exception is java.lang.NoClassDefFoundError: jakarta/servlet/http/HttpServletRequest
2022-12-07 11:01:07.406 [ main ] - [ INFO  ] [ com.alibaba.druid.pool.DruidDataSource : 2029 ] - {dataSource-0} closing ...
2022-12-07 11:01:07.407 [ main ] - [ INFO  ] [ org.apache.catalina.core.StandardService : 173 ] - Stopping service [Tomcat]
2022-12-07 11:01:07.419 [ main ] - [ INFO  ] [ o.s.b.a.l.ConditionEvaluationReportLoggingListener : 136 ] - 

Error starting ApplicationContext. To display the conditions report re-run your application with 'debug' enabled.
2022-12-07 11:01:07.426 [ main ] - [ ERROR ] [ org.springframework.boot.SpringApplication : 824 ] - Application run failed
org.springframework.beans.factory.BeanCreationException: Error creating bean with name 'authorizationServerSecurityFilterChain' defined in class path resource [cn/cxyfyf/base/framework/config/Oauth2Configuration.class]: Bean instantiation via factory method failed; nested exception is org.springframework.beans.BeanInstantiationException: Failed to instantiate [org.springframework.security.web.SecurityFilterChain]: Factory method 'authorizationServerSecurityFilterChain' threw exception; nested exception is java.lang.NoClassDefFoundError: jakarta/servlet/http/HttpServletRequest
	at org.springframework.beans.factory.support.ConstructorResolver.instantiate(ConstructorResolver.java:658)
	at org.springframework.beans.factory.support.ConstructorResolver.instantiateUsingFactoryMethod(ConstructorResolver.java:638)
	at org.springframework.beans.factory.support.AbstractAutowireCapableBeanFactory.instantiateUsingFactoryMethod(AbstractAutowireCapableBeanFactory.java:1352)
	at org.springframework.beans.factory.support.AbstractAutowireCapableBeanFactory.createBeanInstance(AbstractAutowireCapableBeanFactory.java:1195)
	at org.springframework.beans.factory.support.AbstractAutowireCapableBeanFactory.doCreateBean(AbstractAutowireCapableBeanFactory.java:582)
	at org.springframework.beans.factory.support.AbstractAutowireCapableBeanFactory.createBean(AbstractAutowireCapableBeanFactory.java:542)
	at org.springframework.beans.factory.support.AbstractBeanFactory.lambda$doGetBean$0(AbstractBeanFactory.java:335)
	at org.springframework.beans.factory.support.DefaultSingletonBeanRegistry.getSingleton(DefaultSingletonBeanRegistry.java:234)
	at org.springframework.beans.factory.support.AbstractBeanFactory.doGetBean(AbstractBeanFactory.java:333)
	at org.springframework.beans.factory.support.AbstractBeanFactory.getBean(AbstractBeanFactory.java:208)
	at org.springframework.beans.factory.support.DefaultListableBeanFactory.preInstantiateSingletons(DefaultListableBeanFactory.java:955)
	at org.springframework.context.support.AbstractApplicationContext.finishBeanFactoryInitialization(AbstractApplicationContext.java:918)
	at org.springframework.context.support.AbstractApplicationContext.refresh(AbstractApplicationContext.java:583)
	at org.springframework.boot.web.servlet.context.ServletWebServerApplicationContext.refresh(ServletWebServerApplicationContext.java:147)
	at org.springframework.boot.SpringApplication.refresh(SpringApplication.java:734)
	at org.springframework.boot.SpringApplication.refreshContext(SpringApplication.java:408)
	at org.springframework.boot.SpringApplication.run(SpringApplication.java:308)
	at org.springframework.boot.SpringApplication.run(SpringApplication.java:1306)
	at org.springframework.boot.SpringApplication.run(SpringApplication.java:1295)
	at cn.cxyfyf.base.BaseApplication.main(BaseApplication.java:16)
Caused by: org.springframework.beans.BeanInstantiationException: Failed to instantiate [org.springframework.security.web.SecurityFilterChain]: Factory method 'authorizationServerSecurityFilterChain' threw exception; nested exception is java.lang.NoClassDefFoundError: jakarta/servlet/http/HttpServletRequest
	at org.springframework.beans.factory.support.SimpleInstantiationStrategy.instantiate(SimpleInstantiationStrategy.java:185)
	at org.springframework.beans.factory.support.ConstructorResolver.instantiate(ConstructorResolver.java:653)
	... 19 common frames omitted
Caused by: java.lang.NoClassDefFoundError: jakarta/servlet/http/HttpServletRequest
	at org.springframework.security.oauth2.server.authorization.config.annotation.web.configurers.OAuth2AuthorizationServerConfigurer.getEndpointsMatcher(OAuth2AuthorizationServerConfigurer.java:235)
	at org.springframework.security.oauth2.server.authorization.config.annotation.web.configuration.OAuth2AuthorizationServerConfiguration.applyDefaultSecurity(OAuth2AuthorizationServerConfiguration.java:63)
	at cn.cxyfyf.base.framework.config.Oauth2Configuration.authorizationServerSecurityFilterChain(Oauth2Configuration.java:33)
	at java.base/jdk.internal.reflect.NativeMethodAccessorImpl.invoke0(Native Method)
	at java.base/jdk.internal.reflect.NativeMethodAccessorImpl.invoke(NativeMethodAccessorImpl.java:77)
	at java.base/jdk.internal.reflect.DelegatingMethodAccessorImpl.invoke(DelegatingMethodAccessorImpl.java:43)
	at java.base/java.lang.reflect.Method.invoke(Method.java:568)
	at org.springframework.beans.factory.support.SimpleInstantiationStrategy.instantiate(SimpleInstantiationStrategy.java:154)
	... 20 common frames omitted
Caused by: java.lang.ClassNotFoundException: jakarta.servlet.http.HttpServletRequest
	at java.base/jdk.internal.loader.BuiltinClassLoader.loadClass(BuiltinClassLoader.java:641)
	at java.base/jdk.internal.loader.ClassLoaders$AppClassLoader.loadClass(ClassLoaders.java:188)
	at java.base/java.lang.ClassLoader.loadClass(ClassLoader.java:520)
	... 28 common frames omitted
